{"name": "VWO Free Trial", "status": "broken", "statusDetails": {"message": "selenium.common.exceptions.NoSuchElementException: Message: no such element: Unable to locate element: {\"method\":\"xpath\",\"selector\":\"//a[contains(text(),'Start a free trial')]\"}\n  (Session info: chrome=144.0.7559.97); For documentation on this error, please visit: https://www.selenium.dev/documentation/webdriver/troubleshooting/errors#nosuchelementexception\nStacktrace:\nSymbols not available. Dumping unresolved backtrace:\n\t0x7ff79faba535\n\t0x7ff79faba590\n\t0x7ff79f8610bd\n\t0x7ff79f8bc48e\n\t0x7ff79f8bc79c\n\t0x7ff79f90d3a7\n\t0x7ff79f909ef5\n\t0x7ff79f8acc9c\n\t0x7ff79f8adbe3\n\t0x7ff79fd97b60\n\t0x7ff79fd91f5d\n\t0x7ff79fdb311a\n\t0x7ff79fad60a5\n\t0x7ff79fade73c\n\t0x7ff79fac3844\n\t0x7ff79fac39f6\n\t0x7ff79faa9a07\n\t0x7ffb7e93e8d7\n\t0x7ffb7f7ec53c", "trace": "setup = <selenium.webdriver.chrome.webdriver.WebDriver (session=\"4c871630e4aec98ac006fa7fe28d357d\")>\n\n    @allure.title(\"VWO Free Trial\")\n    @allure.description(\"tc#0 - VWO Free Trail\")\n    @allure.feature(\"Feature | VWO  Free Trial \")\n    @pytest.mark.negative\n    def test_vwo_ft_negative(setup):\n        driver = setup\n    \n        login_page = LoginPage(driver=driver)\n>       login_page.get_free_trial_button().click()\n        ^^^^^^^^^^^^^^^^^^^^^^^^^^^^^^^^^^\n\nsrc\\test\\tests\\vwoLogin\\test_vwo_free_trial.py:36: \n_ _ _ _ _ _ _ _ _ _ _ _ _ _ _ _ _ _ _ _ _ _ _ _ _ _ _ _ _ _ _ _ _ _ _ _ _ _ _ _ _ _ _ _ _ _ _ _ _ _ _ _ _ _ _ _ _ _ _ _ _ _ _\nsrc\\test\\pageObjects\\vwo\\loginPage.py:27: in get_free_trial_button\n    return self.driver.find_element(*LoginPage.free_trial)\n           ^^^^^^^^^^^^^^^^^^^^^^^^^^^^^^^^^^^^^^^^^^^^^^^\n.venv\\Lib\\site-packages\\selenium\\webdriver\\remote\\webdriver.py:802: in find_element\n    return self.execute(Command.FIND_ELEMENT, {\"using\": by, \"value\": value})[\"value\"]\n           ^^^^^^^^^^^^^^^^^^^^^^^^^^^^^^^^^^^^^^^^^^^^^^^^^^^^^^^^^^^^^^^^^\n.venv\\Lib\\site-packages\\selenium\\webdriver\\remote\\webdriver.py:432: in execute\n    self.error_handler.check_response(response)\n_ _ _ _ _ _ _ _ _ _ _ _ _ _ _ _ _ _ _ _ _ _ _ _ _ _ _ _ _ _ _ _ _ _ _ _ _ _ _ _ _ _ _ _ _ _ _ _ _ _ _ _ _ _ _ _ _ _ _ _ _ _ _\n\nself = <selenium.webdriver.remote.errorhandler.ErrorHandler object at 0x000001E4753E57F0>\nresponse = {'status': 404, 'value': '{\"value\":{\"error\":\"no such element\",\"message\":\"no such element: Unable to locate element: {\\...ff79fade73c\\\\n\\\\t0x7ff79fac3844\\\\n\\\\t0x7ff79fac39f6\\\\n\\\\t0x7ff79faa9a07\\\\n\\\\t0x7ffb7e93e8d7\\\\n\\\\t0x7ffb7f7ec53c\\\\n\"}}'}\n\n    def check_response(self, response: dict[str, Any]) -> None:\n        \"\"\"Check that a JSON response from the WebDriver does not have an error.\n    \n        Args:\n            response: The JSON response from the WebDriver server as a dictionary\n                object.\n    \n        Raises:\n            WebDriverException: If the response contains an error message.\n        \"\"\"\n        status = response.get(\"status\", None)\n        if not status or status == ErrorCode.SUCCESS:\n            return\n        value = None\n        message = response.get(\"message\", \"\")\n        screen: str = response.get(\"screen\", \"\")\n        stacktrace = None\n        if isinstance(status, int):\n            value_json = response.get(\"value\", None)\n            if value_json and isinstance(value_json, str):\n                try:\n                    value = json.loads(value_json)\n                    if isinstance(value, dict):\n                        if len(value) == 1:\n                            value = value[\"value\"]\n                        status = value.get(\"error\", None)\n                        if not status:\n                            status = value.get(\"status\", ErrorCode.UNKNOWN_ERROR)\n                            message = value.get(\"value\") or value.get(\"message\")\n                            if not isinstance(message, str):\n                                value = message\n                                message = message.get(\"message\") if isinstance(message, dict) else None\n                        else:\n                            message = value.get(\"message\", None)\n                except ValueError:\n                    pass\n    \n        exception_class: type[WebDriverException]\n        e = ErrorCode()\n        error_codes = [item for item in dir(e) if not item.startswith(\"__\")]\n        for error_code in error_codes:\n            error_info = getattr(ErrorCode, error_code)\n            if isinstance(error_info, list) and status in error_info:\n                exception_class = getattr(ExceptionMapping, error_code, WebDriverException)\n                break\n        else:\n            exception_class = WebDriverException\n    \n        if not value:\n            value = response[\"value\"]\n        if isinstance(value, str):\n            raise exception_class(value)\n        if message == \"\" and \"message\" in value:\n            message = value[\"message\"]\n    \n        screen = None  # type: ignore[assignment]\n        if \"screen\" in value:\n            screen = value[\"screen\"]\n    \n        stacktrace = None\n        st_value = value.get(\"stackTrace\") or value.get(\"stacktrace\")\n        if st_value:\n            if isinstance(st_value, str):\n                stacktrace = st_value.split(\"\\n\")\n            else:\n                stacktrace = []\n                try:\n                    for frame in st_value:\n                        line = frame.get(\"lineNumber\", \"\")\n                        file = frame.get(\"fileName\", \"<anonymous>\")\n                        if line:\n                            file = f\"{file}:{line}\"\n                        meth = frame.get(\"methodName\", \"<anonymous>\")\n                        if \"className\" in frame:\n                            meth = f\"{frame['className']}.{meth}\"\n                        msg = \"    at %s (%s)\"\n                        msg = msg % (meth, file)\n                        stacktrace.append(msg)\n                except TypeError:\n                    pass\n        if exception_class == UnexpectedAlertPresentException:\n            alert_text = None\n            if \"data\" in value:\n                alert_text = value[\"data\"].get(\"text\")\n            elif \"alert\" in value:\n                alert_text = value[\"alert\"].get(\"text\")\n            raise exception_class(message, screen, stacktrace, alert_text)  # type: ignore[call-arg]  # mypy is not smart enough here\n>       raise exception_class(message, screen, stacktrace)\nE       selenium.common.exceptions.NoSuchElementException: Message: no such element: Unable to locate element: {\"method\":\"xpath\",\"selector\":\"//a[contains(text(),'Start a free trial')]\"}\nE         (Session info: chrome=144.0.7559.97); For documentation on this error, please visit: https://www.selenium.dev/documentation/webdriver/troubleshooting/errors#nosuchelementexception\nE       Stacktrace:\nE       Symbols not available. Dumping unresolved backtrace:\nE       \t0x7ff79faba535\nE       \t0x7ff79faba590\nE       \t0x7ff79f8610bd\nE       \t0x7ff79f8bc48e\nE       \t0x7ff79f8bc79c\nE       \t0x7ff79f90d3a7\nE       \t0x7ff79f909ef5\nE       \t0x7ff79f8acc9c\nE       \t0x7ff79f8adbe3\nE       \t0x7ff79fd97b60\nE       \t0x7ff79fd91f5d\nE       \t0x7ff79fdb311a\nE       \t0x7ff79fad60a5\nE       \t0x7ff79fade73c\nE       \t0x7ff79fac3844\nE       \t0x7ff79fac39f6\nE       \t0x7ff79faa9a07\nE       \t0x7ffb7e93e8d7\nE       \t0x7ffb7f7ec53c\n\n.venv\\Lib\\site-packages\\selenium\\webdriver\\remote\\errorhandler.py:232: NoSuchElementException"}, "description": "tc#0 - VWO Free Trail", "start": 1769621045963, "stop": 1769621045979, "uuid": "a21de7e3-d1bb-4216-ad81-a4f6d5dc71c3", "historyId": "628d7ad21370eeef9df27dcf1b7249a9", "testCaseId": "628d7ad21370eeef9df27dcf1b7249a9", "fullName": "src.test.tests.vwoLogin.test_vwo_free_trial#test_vwo_ft_negative", "labels": [{"name": "feature", "value": "Feature | VWO  Free Trial "}, {"name": "tag", "value": "negative"}, {"name": "parentSuite", "value": "src.test.tests.vwoLogin"}, {"name": "suite", "value": "test_vwo_free_trial"}, {"name": "host", "value": "Navita"}, {"name": "thread", "value": "23140-MainThread"}, {"name": "framework", "value": "pytest"}, {"name": "language", "value": "cpython3"}, {"name": "package", "value": "src.test.tests.vwoLogin.test_vwo_free_trial"}], "titlePath": ["src", "test", "tests", "vwoLogin", "test_vwo_free_trial.py"]}