{"name": "VWO Login Test", "status": "broken", "statusDetails": {"message": "selenium.common.exceptions.TimeoutException: Message: \nStacktrace:\nSymbols not available. Dumping unresolved backtrace:\n\t0x7ff79faba535\n\t0x7ff79faba590\n\t0x7ff79f8610bd\n\t0x7ff79f8bc48e\n\t0x7ff79f8bc79c\n\t0x7ff79f90d3a7\n\t0x7ff79f909ef5\n\t0x7ff79f8acc9c\n\t0x7ff79f8adbe3\n\t0x7ff79fd97b60\n\t0x7ff79fd91f5d\n\t0x7ff79fdb311a\n\t0x7ff79fad60a5\n\t0x7ff79fade73c\n\t0x7ff79fac3844\n\t0x7ff79fac39f6\n\t0x7ff79faa9a07\n\t0x7ffb7e93e8d7\n\t0x7ffb7f7ec53c", "trace": "setup = <selenium.webdriver.chrome.webdriver.WebDriver (session=\"a93454a6a8456066a6cf961cb239a952\")>\n\n    @allure.title(\"VWO Login Test\")\n    @allure.id(\"JIRA_ID_1234\")\n    @allure.description(\"TC#0 - VWO App Negative Test\")\n    @allure.feature(\"Feature | VWO App Negative Test\")\n    @pytest.mark.negative\n    \n    \n    def test_vwo_login_negative(setup):\n        driver = setup\n        login_page = LoginPage(driver)\n        login_page.login_to_vwo(usr = os.getenv(\"INVALID_USERNAME\"),\n                                pwd= os.getenv(\"INVALID_PASSWORD\")\n        )\n>       error_msg_element_text = login_page.get_error_msg_as_text()\n                                 ^^^^^^^^^^^^^^^^^^^^^^^^^^^^^^^^^^\n\nsrc\\test\\tests\\vwoLogin\\test_vwo_login.py:38: \n_ _ _ _ _ _ _ _ _ _ _ _ _ _ _ _ _ _ _ _ _ _ _ _ _ _ _ _ _ _ _ _ _ _ _ _ _ _ _ _ _ _ _ _ _ _ _ _ _ _ _ _ _ _ _ _ _ _ _ _ _ _ _\nsrc\\test\\pageObjects\\vwo\\loginPage.py:42: in get_error_msg_as_text\n    webdriver_wait(driver=self.driver, element_tuple=self.error_message, timeout=5)\nsrc\\test\\utils\\common_utils.py:7: in webdriver_wait\n    return WebDriverWait(driver, timeout).until(\n_ _ _ _ _ _ _ _ _ _ _ _ _ _ _ _ _ _ _ _ _ _ _ _ _ _ _ _ _ _ _ _ _ _ _ _ _ _ _ _ _ _ _ _ _ _ _ _ _ _ _ _ _ _ _ _ _ _ _ _ _ _ _\n\nself = <selenium.webdriver.support.wait.WebDriverWait (session=\"a93454a6a8456066a6cf961cb239a952\")>\nmethod = <function visibility_of_element_located.<locals>._predicate at 0x000001B7F66A9220>, message = ''\n\n    def until(self, method: Callable[[D], Literal[False] | T], message: str = \"\") -> T:\n        \"\"\"Wait until the method returns a value that is not False.\n    \n        Calls the method provided with the driver as an argument until the\n        return value does not evaluate to ``False``.\n    \n        Args:\n            method: A callable object that takes a WebDriver instance as an\n                argument.\n            message: Optional message for TimeoutException.\n    \n        Returns:\n            The result of the last call to `method`.\n    \n        Raises:\n            TimeoutException: If 'method' does not return a truthy value within\n                the WebDriverWait object's timeout.\n    \n        Example:\n            >>> from selenium.webdriver.common.by import By\n            >>> from selenium.webdriver.support.ui import WebDriverWait\n            >>> from selenium.webdriver.support import expected_conditions as EC\n            >>>\n            >>> # Wait until an element is visible on the page\n            >>> wait = WebDriverWait(driver, 10)\n            >>> element = wait.until(EC.visibility_of_element_located((By.ID, \"exampleId\")))\n            >>> print(element.text)\n        \"\"\"\n        screen = None\n        stacktrace = None\n    \n        end_time = time.monotonic() + self._timeout\n        while True:\n            try:\n                value = method(self._driver)\n                if value:\n                    return value\n            except self._ignored_exceptions as exc:\n                screen = getattr(exc, \"screen\", None)\n                stacktrace = getattr(exc, \"stacktrace\", None)\n            if time.monotonic() > end_time:\n                break\n            time.sleep(self._poll)\n>       raise TimeoutException(message, screen, stacktrace)\nE       selenium.common.exceptions.TimeoutException: Message: \nE       Stacktrace:\nE       Symbols not available. Dumping unresolved backtrace:\nE       \t0x7ff79faba535\nE       \t0x7ff79faba590\nE       \t0x7ff79f8610bd\nE       \t0x7ff79f8bc48e\nE       \t0x7ff79f8bc79c\nE       \t0x7ff79f90d3a7\nE       \t0x7ff79f909ef5\nE       \t0x7ff79f8acc9c\nE       \t0x7ff79f8adbe3\nE       \t0x7ff79fd97b60\nE       \t0x7ff79fd91f5d\nE       \t0x7ff79fdb311a\nE       \t0x7ff79fad60a5\nE       \t0x7ff79fade73c\nE       \t0x7ff79fac3844\nE       \t0x7ff79fac39f6\nE       \t0x7ff79faa9a07\nE       \t0x7ffb7e93e8d7\nE       \t0x7ffb7f7ec53c\n\n.venv\\Lib\\site-packages\\selenium\\webdriver\\support\\wait.py:122: TimeoutException"}, "description": "TC#0 - VWO App Negative Test", "start": 1769620040888, "stop": 1769620046201, "uuid": "27d37b80-a3ea-4b83-b134-02d050a7fc90", "historyId": "991b86688eefddc5c6fb83bf23e6f6eb", "testCaseId": "991b86688eefddc5c6fb83bf23e6f6eb", "fullName": "src.test.tests.vwoLogin.test_vwo_login#test_vwo_login_negative", "labels": [{"name": "feature", "value": "Feature | VWO App Negative Test"}, {"name": "as_id", "value": "JIRA_ID_1234"}, {"name": "tag", "value": "negative"}, {"name": "parentSuite", "value": "src.test.tests.vwoLogin"}, {"name": "suite", "value": "test_vwo_login"}, {"name": "host", "value": "Navita"}, {"name": "thread", "value": "11396-MainThread"}, {"name": "framework", "value": "pytest"}, {"name": "language", "value": "cpython3"}, {"name": "package", "value": "src.test.tests.vwoLogin.test_vwo_login"}], "titlePath": ["src", "test", "tests", "vwoLogin", "test_vwo_login.py"]}