{"name": "test_vwo_login_Positive", "status": "broken", "statusDetails": {"message": "selenium.common.exceptions.TimeoutException: Message: \nStacktrace:\nSymbols not available. Dumping unresolved backtrace:\n\t0x7ff79faba535\n\t0x7ff79faba590\n\t0x7ff79f8610bd\n\t0x7ff79f8bc48e\n\t0x7ff79f8bc79c\n\t0x7ff79f90d3a7\n\t0x7ff79f909ef5\n\t0x7ff79f8acc9c\n\t0x7ff79f8adbe3\n\t0x7ff79fd97b60\n\t0x7ff79fd91f5d\n\t0x7ff79fdb311a\n\t0x7ff79fad60a5\n\t0x7ff79fade73c\n\t0x7ff79fac3844\n\t0x7ff79fac39f6\n\t0x7ff79faa9a07\n\t0x7ffb7e93e8d7\n\t0x7ffb7f7ec53c", "trace": "setup = <selenium.webdriver.chrome.webdriver.WebDriver (session=\"b7735b0bed64a34605f21a553e3dd662\")>\n\n    @allure.epic(\"VWO Login Test\")\n    @allure.feature(\"TC#1 - VWO App Positive Test\")\n    @pytest.mark.positive\n    def test_vwo_login_Positive(setup):\n        driver = setup\n        login_page = LoginPage(driver = driver)\n        login_page.login_to_vwo(usr=os.getenv(\"USERNAME\"),\n                                pwd= os.getenv(\"PASSWORD\"))\n        print(\"Current_URL\",driver.current_url)\n        # print(\"Page_Source\",driver.page_source)\n        print(\"ENV USERNAME =\", os.getenv(\"USERNAME\"))\n        print(\"ENV PASSWORD =\",os.getenv(\"PASSWORD\"))\n        dashboard_page = DashboardPage(driver=driver)\n>       user_name = dashboard_page.user_logged_in_text()\n                    ^^^^^^^^^^^^^^^^^^^^^^^^^^^^^^^^^^^^\n\nsrc\\test\\tests\\vwoLogin\\test_vwo_login.py:55: \n_ _ _ _ _ _ _ _ _ _ _ _ _ _ _ _ _ _ _ _ _ _ _ _ _ _ _ _ _ _ _ _ _ _ _ _ _ _ _ _ _ _ _ _ _ _ _ _ _ _ _ _ _ _ _ _ _ _ _ _ _ _ _\nsrc\\test\\pageObjects\\vwo\\dashboardPage.py:24: in user_logged_in_text\n    webdriver_wait(driver=self.driver,element_tuple=self.user_logged_in,timeout = 15)\nsrc\\test\\utils\\common_utils.py:7: in webdriver_wait\n    return WebDriverWait(driver, timeout).until(\n_ _ _ _ _ _ _ _ _ _ _ _ _ _ _ _ _ _ _ _ _ _ _ _ _ _ _ _ _ _ _ _ _ _ _ _ _ _ _ _ _ _ _ _ _ _ _ _ _ _ _ _ _ _ _ _ _ _ _ _ _ _ _\n\nself = <selenium.webdriver.support.wait.WebDriverWait (session=\"b7735b0bed64a34605f21a553e3dd662\")>\nmethod = <function visibility_of_element_located.<locals>._predicate at 0x000001B7F66DD430>, message = ''\n\n    def until(self, method: Callable[[D], Literal[False] | T], message: str = \"\") -> T:\n        \"\"\"Wait until the method returns a value that is not False.\n    \n        Calls the method provided with the driver as an argument until the\n        return value does not evaluate to ``False``.\n    \n        Args:\n            method: A callable object that takes a WebDriver instance as an\n                argument.\n            message: Optional message for TimeoutException.\n    \n        Returns:\n            The result of the last call to `method`.\n    \n        Raises:\n            TimeoutException: If 'method' does not return a truthy value within\n                the WebDriverWait object's timeout.\n    \n        Example:\n            >>> from selenium.webdriver.common.by import By\n            >>> from selenium.webdriver.support.ui import WebDriverWait\n            >>> from selenium.webdriver.support import expected_conditions as EC\n            >>>\n            >>> # Wait until an element is visible on the page\n            >>> wait = WebDriverWait(driver, 10)\n            >>> element = wait.until(EC.visibility_of_element_located((By.ID, \"exampleId\")))\n            >>> print(element.text)\n        \"\"\"\n        screen = None\n        stacktrace = None\n    \n        end_time = time.monotonic() + self._timeout\n        while True:\n            try:\n                value = method(self._driver)\n                if value:\n                    return value\n            except self._ignored_exceptions as exc:\n                screen = getattr(exc, \"screen\", None)\n                stacktrace = getattr(exc, \"stacktrace\", None)\n            if time.monotonic() > end_time:\n                break\n            time.sleep(self._poll)\n>       raise TimeoutException(message, screen, stacktrace)\nE       selenium.common.exceptions.TimeoutException: Message: \nE       Stacktrace:\nE       Symbols not available. Dumping unresolved backtrace:\nE       \t0x7ff79faba535\nE       \t0x7ff79faba590\nE       \t0x7ff79f8610bd\nE       \t0x7ff79f8bc48e\nE       \t0x7ff79f8bc79c\nE       \t0x7ff79f90d3a7\nE       \t0x7ff79f909ef5\nE       \t0x7ff79f8acc9c\nE       \t0x7ff79f8adbe3\nE       \t0x7ff79fd97b60\nE       \t0x7ff79fd91f5d\nE       \t0x7ff79fdb311a\nE       \t0x7ff79fad60a5\nE       \t0x7ff79fade73c\nE       \t0x7ff79fac3844\nE       \t0x7ff79fac39f6\nE       \t0x7ff79faa9a07\nE       \t0x7ffb7e93e8d7\nE       \t0x7ffb7f7ec53c\n\n.venv\\Lib\\site-packages\\selenium\\webdriver\\support\\wait.py:122: TimeoutException"}, "start": 1769620053746, "stop": 1769620071216, "uuid": "4dba1eb5-3317-4f4d-85e4-886f822bed00", "historyId": "cd7c3080e813ed94f6980234bfd0531c", "testCaseId": "cd7c3080e813ed94f6980234bfd0531c", "fullName": "src.test.tests.vwoLogin.test_vwo_login#test_vwo_login_Positive", "labels": [{"name": "epic", "value": "VWO Login Test"}, {"name": "feature", "value": "TC#1 - VWO App Positive Test"}, {"name": "tag", "value": "positive"}, {"name": "parentSuite", "value": "src.test.tests.vwoLogin"}, {"name": "suite", "value": "test_vwo_login"}, {"name": "host", "value": "Navita"}, {"name": "thread", "value": "11396-MainThread"}, {"name": "framework", "value": "pytest"}, {"name": "language", "value": "cpython3"}, {"name": "package", "value": "src.test.tests.vwoLogin.test_vwo_login"}], "titlePath": ["src", "test", "tests", "vwoLogin", "test_vwo_login.py"]}