{"name": "Dry run of the Failed TestCase", "status": "failed", "statusDetails": {"message": "AssertionError: assert True == False", "trace": "@allure.title(\"Dry run of the Failed TestCase\")\n    @allure.description(\"TC#2 Dry run of the Passed Testcase\")\n    def test_sample_fail():\n        print(\"Hi\")\n>       assert True == False\nE       assert True == False\n\nsrc\\test\\tests\\sample\\test_sample.py:15: AssertionError"}, "description": "TC#2 Dry run of the Passed Testcase", "attachments": [{"name": "stdout", "source": "4cc11903-c7e8-4c6d-8996-bf83f0db852b-attachment.txt", "type": "text/plain"}], "start": 1768755988616, "stop": 1768755988617, "uuid": "6e1f9fee-824b-4a22-bf6b-fd045cb40475", "historyId": "03f1ff556c8c2a2ff3e8d09e827bfa3a", "testCaseId": "03f1ff556c8c2a2ff3e8d09e827bfa3a", "fullName": "src.test.tests.sample.test_sample#test_sample_fail", "labels": [{"name": "parentSuite", "value": "src.test.tests.sample"}, {"name": "suite", "value": "test_sample"}, {"name": "host", "value": "Navita"}, {"name": "thread", "value": "14428-MainThread"}, {"name": "framework", "value": "pytest"}, {"name": "language", "value": "cpython3"}, {"name": "package", "value": "src.test.tests.sample.test_sample"}], "titlePath": ["src", "test", "tests", "sample", "test_sample.py"]}